<?xml version="1.0" encoding="UTF-8"?>
<!-- Generated by org.testng.reporters.JUnitXMLReporter -->
<testsuite hostname="KAVINESH-PC" name="TestGroupMethod" tests="6" failures="0" timestamp="6 May 2021 17:52:36 GMT" time="0.162" errors="0">
  <testcase name="GalaxyF41" time="0.053" classname="TestNG.GroupMethod"/>
  <testcase name="GalaxyF62" time="0.002" classname="TestNG.GroupMethod"/>
  <testcase name="IphoneX" time="0.006" classname="TestNG.GroupMethod"/>
  <testcase name="IphoneXpro" time="0.004" classname="TestNG.GroupMethod"/>
  <testcase name="Reno3" time="0.004" classname="TestNG.GroupMethod"/>
  <testcase name="Reno3Pro" time="0.002" classname="TestNG.GroupMethod"/>
</testsuite> <!-- TestGroupMethod -->
