<?xml version="1.0" encoding="UTF-8"?>
<testng-results skipped="0" failed="0" total="3" passed="3">
  <reporter-output>
  </reporter-output>
  <suite name="Default suite" duration-ms="69956" started-at="2021-05-03T16:05:00Z" finished-at="2021-05-03T16:06:10Z">
    <groups>
    </groups>
    <test name="Default test" duration-ms="69956" started-at="2021-05-03T16:05:00Z" finished-at="2021-05-03T16:06:10Z">
      <class name="datadriven.LoginTestng">
        <test-method status="PASS" signature="LogIn(java.lang.String, java.lang.String)[pri:0, instance:datadriven.LoginTestng@5ca609]" name="LogIn" duration-ms="43207" started-at="2021-05-03T21:35:00Z" data-provider="LoginData" finished-at="2021-05-03T21:35:43Z">
          <params>
            <param index="0">
              <value>
                <![CDATA[Admin]]>
              </value>
            </param>
            <param index="1">
              <value>
                <![CDATA[admin123]]>
              </value>
            </param>
          </params>
          <reporter-output>
          </reporter-output>
        </test-method> <!-- LogIn -->
        <test-method status="PASS" signature="LogIn(java.lang.String, java.lang.String)[pri:0, instance:datadriven.LoginTestng@5ca609]" name="LogIn" duration-ms="13688" started-at="2021-05-03T21:35:43Z" data-provider="LoginData" finished-at="2021-05-03T21:35:57Z">
          <params>
            <param index="0">
              <value>
                <![CDATA[Admin2]]>
              </value>
            </param>
            <param index="1">
              <value>
                <![CDATA[admin124]]>
              </value>
            </param>
          </params>
          <reporter-output>
          </reporter-output>
        </test-method> <!-- LogIn -->
        <test-method status="PASS" signature="LogIn(java.lang.String, java.lang.String)[pri:0, instance:datadriven.LoginTestng@5ca609]" name="LogIn" duration-ms="12701" started-at="2021-05-03T21:35:57Z" data-provider="LoginData" finished-at="2021-05-03T21:36:10Z">
          <params>
            <param index="0">
              <value>
                <![CDATA[Admin1]]>
              </value>
            </param>
            <param index="1">
              <value>
                <![CDATA[admin125]]>
              </value>
            </param>
          </params>
          <reporter-output>
          </reporter-output>
        </test-method> <!-- LogIn -->
      </class> <!-- datadriven.LoginTestng -->
    </test> <!-- Default test -->
  </suite> <!-- Default suite -->
</testng-results>
