<?xml version="1.0" encoding="UTF-8"?>
<!-- Generated by org.testng.reporters.JUnitXMLReporter -->
<testsuite hostname="KAVINESH-PC" name="Default test" tests="3" failures="0" timestamp="24 Mar 2021 12:44:44 GMT" time="20.746" errors="0">
  <testcase name="SignIn" time="3.806" classname="security.Security"/>
  <testcase name="VisitorsRecord1" time="5.144" classname="security.Security"/>
  <testcase name="VisitorsRecord2" time="3.014" classname="security.Security"/>
</testsuite> <!-- Default test -->
