<?xml version="1.0" encoding="UTF-8"?>
<!-- Generated by org.testng.reporters.JUnitXMLReporter -->
<testsuite hostname="KAVINESH-PC" name="Test" tests="5" failures="0" timestamp="24 Jun 2021 18:49:38 GMT" time="14.038" errors="0">
  <testcase name="ModelQuestions_1" time="13.057" classname="testCase_VidhvaasModelQuestions.ModelQuestions_1_TestCase"/>
  <testcase name="ModelQuestions_2" time="0.26" classname="testCase_VidhvaasModelQuestions.ModelQuestions_2_TestCase"/>
  <testcase name="ModelQuestions_3" time="0.253" classname="testCase_VidhvaasModelQuestions.ModelQuestions_3_TestCase"/>
  <testcase name="ModelQuestions_4" time="0.213" classname="testCase_VidhvaasModelQuestions.ModelQuestions_4_TestCasee"/>
  <testcase name="ModelQuestions_5" time="0.233" classname="testCase_VidhvaasModelQuestions.ModelQuestions_5_TestCase"/>
</testsuite> <!-- Test -->
