<?xml version="1.0" encoding="UTF-8"?>
<testng-results skipped="0" failed="0" total="2" passed="2">
  <reporter-output>
  </reporter-output>
  <suite name="Default suite" duration-ms="32870" started-at="2021-03-21T15:53:42Z" finished-at="2021-03-21T15:54:15Z">
    <groups>
    </groups>
    <test name="Default test" duration-ms="32870" started-at="2021-03-21T15:53:42Z" finished-at="2021-03-21T15:54:15Z">
      <class name="sidenavigatebor.Attendance">
        <test-method status="PASS" signature="OpenPortal()[pri:0, instance:sidenavigatebor.Attendance@2d45ba]" name="OpenPortal" is-config="true" duration-ms="14286" started-at="2021-03-21T21:23:42Z" finished-at="2021-03-21T21:23:56Z">
          <reporter-output>
          </reporter-output>
        </test-method> <!-- OpenPortal -->
        <test-method status="PASS" signature="SignIn()[pri:1, instance:sidenavigatebor.Attendance@2d45ba]" name="SignIn" duration-ms="7854" started-at="2021-03-21T21:23:56Z" finished-at="2021-03-21T21:24:04Z">
          <reporter-output>
          </reporter-output>
        </test-method> <!-- SignIn -->
        <test-method status="PASS" signature="AttendanceDetails()[pri:2, instance:sidenavigatebor.Attendance@2d45ba]" name="AttendanceDetails" duration-ms="9879" started-at="2021-03-21T21:24:04Z" finished-at="2021-03-21T21:24:14Z">
          <reporter-output>
          </reporter-output>
        </test-method> <!-- AttendanceDetails -->
        <test-method status="PASS" signature="Closebrowser()[pri:0, instance:sidenavigatebor.Attendance@2d45ba]" name="Closebrowser" is-config="true" duration-ms="749" started-at="2021-03-21T21:24:14Z" finished-at="2021-03-21T21:24:15Z">
          <reporter-output>
          </reporter-output>
        </test-method> <!-- Closebrowser -->
      </class> <!-- sidenavigatebor.Attendance -->
    </test> <!-- Default test -->
  </suite> <!-- Default suite -->
</testng-results>
