<?xml version="1.0" encoding="UTF-8"?>
<testng-results skipped="0" failed="0" total="1" passed="1">
  <reporter-output>
  </reporter-output>
  <suite name="Default suite" duration-ms="9079" started-at="2021-05-10T17:20:41Z" finished-at="2021-05-10T17:20:50Z">
    <groups>
    </groups>
    <test name="Default test" duration-ms="9079" started-at="2021-05-10T17:20:41Z" finished-at="2021-05-10T17:20:50Z">
      <class name="usingPagefactory.LoginPage">
        <test-method status="PASS" signature="Login()[pri:0, instance:usingPagefactory.LoginPage@15b5592]" name="Login" duration-ms="9029" started-at="2021-05-10T22:50:41Z" finished-at="2021-05-10T22:50:50Z">
          <reporter-output>
          </reporter-output>
        </test-method> <!-- Login -->
      </class> <!-- usingPagefactory.LoginPage -->
    </test> <!-- Default test -->
  </suite> <!-- Default suite -->
</testng-results>
