<?xml version="1.0" encoding="UTF-8"?>
<testng-results skipped="0" failed="0" total="2" passed="2">
  <reporter-output>
  </reporter-output>
  <suite name="Default suite" duration-ms="56" started-at="2021-05-04T11:34:38Z" finished-at="2021-05-04T11:34:38Z">
    <groups>
    </groups>
    <test name="Default test" duration-ms="56" started-at="2021-05-04T11:34:38Z" finished-at="2021-05-04T11:34:38Z">
      <class name="chrome.NewTest">
        <test-method status="PASS" signature="beforeSuite()[pri:0, instance:chrome.NewTest@e2cbe0]" name="beforeSuite" is-config="true" duration-ms="16" started-at="2021-05-04T17:04:38Z" finished-at="2021-05-04T17:04:38Z">
          <reporter-output>
          </reporter-output>
        </test-method> <!-- beforeSuite -->
        <test-method status="PASS" signature="beforeTest()[pri:0, instance:chrome.NewTest@e2cbe0]" name="beforeTest" is-config="true" duration-ms="0" started-at="2021-05-04T17:04:38Z" finished-at="2021-05-04T17:04:38Z">
          <reporter-output>
          </reporter-output>
        </test-method> <!-- beforeTest -->
        <test-method status="PASS" signature="beforeClass()[pri:0, instance:chrome.NewTest@e2cbe0]" name="beforeClass" is-config="true" duration-ms="0" started-at="2021-05-04T17:04:38Z" finished-at="2021-05-04T17:04:38Z">
          <reporter-output>
          </reporter-output>
        </test-method> <!-- beforeClass -->
        <test-method status="PASS" signature="test1()[pri:0, instance:chrome.NewTest@e2cbe0]" name="test1" duration-ms="24" started-at="2021-05-04T17:04:38Z" finished-at="2021-05-04T17:04:38Z">
          <reporter-output>
          </reporter-output>
        </test-method> <!-- test1 -->
        <test-method status="PASS" signature="beforeMethod()[pri:0, instance:chrome.NewTest@e2cbe0]" name="beforeMethod" is-config="true" duration-ms="0" started-at="2021-05-04T17:04:38Z" finished-at="2021-05-04T17:04:38Z">
          <reporter-output>
          </reporter-output>
        </test-method> <!-- beforeMethod -->
        <test-method status="PASS" signature="test2()[pri:0, instance:chrome.NewTest@e2cbe0]" name="test2" duration-ms="8" started-at="2021-05-04T17:04:38Z" finished-at="2021-05-04T17:04:38Z">
          <reporter-output>
          </reporter-output>
        </test-method> <!-- test2 -->
        <test-method status="PASS" signature="afterMethod()[pri:0, instance:chrome.NewTest@e2cbe0]" name="afterMethod" is-config="true" duration-ms="0" started-at="2021-05-04T17:04:38Z" finished-at="2021-05-04T17:04:38Z">
          <reporter-output>
          </reporter-output>
        </test-method> <!-- afterMethod -->
        <test-method status="PASS" signature="beforeMethod()[pri:0, instance:chrome.NewTest@e2cbe0]" name="beforeMethod" is-config="true" duration-ms="0" started-at="2021-05-04T17:04:38Z" finished-at="2021-05-04T17:04:38Z">
          <reporter-output>
          </reporter-output>
        </test-method> <!-- beforeMethod -->
        <test-method status="PASS" signature="afterClass()[pri:0, instance:chrome.NewTest@e2cbe0]" name="afterClass" is-config="true" duration-ms="0" started-at="2021-05-04T17:04:38Z" finished-at="2021-05-04T17:04:38Z">
          <reporter-output>
          </reporter-output>
        </test-method> <!-- afterClass -->
        <test-method status="PASS" signature="afterMethod()[pri:0, instance:chrome.NewTest@e2cbe0]" name="afterMethod" is-config="true" duration-ms="0" started-at="2021-05-04T17:04:38Z" finished-at="2021-05-04T17:04:38Z">
          <reporter-output>
          </reporter-output>
        </test-method> <!-- afterMethod -->
        <test-method status="PASS" signature="afterTest()[pri:0, instance:chrome.NewTest@e2cbe0]" name="afterTest" is-config="true" duration-ms="0" started-at="2021-05-04T17:04:38Z" finished-at="2021-05-04T17:04:38Z">
          <reporter-output>
          </reporter-output>
        </test-method> <!-- afterTest -->
        <test-method status="PASS" signature="afterSuite()[pri:0, instance:chrome.NewTest@e2cbe0]" name="afterSuite" is-config="true" duration-ms="0" started-at="2021-05-04T17:04:38Z" finished-at="2021-05-04T17:04:38Z">
          <reporter-output>
          </reporter-output>
        </test-method> <!-- afterSuite -->
      </class> <!-- chrome.NewTest -->
    </test> <!-- Default test -->
  </suite> <!-- Default suite -->
</testng-results>
