<?xml version="1.0" encoding="UTF-8"?>
<testng-results skipped="0" failed="0" total="5" passed="5">
  <reporter-output>
  </reporter-output>
  <suite name="Suite" duration-ms="14038" started-at="2021-06-24T18:49:24Z" finished-at="2021-06-24T18:49:38Z">
    <groups>
    </groups>
    <test name="Test" duration-ms="14038" started-at="2021-06-24T18:49:24Z" finished-at="2021-06-24T18:49:38Z">
      <class name="testCase_VidhvaasModelQuestions.ModelQuestions_2_TestCase">
        <test-method status="PASS" signature="ModelQuestions_2()[pri:0, instance:testCase_VidhvaasModelQuestions.ModelQuestions_2_TestCase@19a4292]" name="ModelQuestions_2" duration-ms="260" started-at="2021-06-25T00:19:37Z" finished-at="2021-06-25T00:19:37Z">
          <reporter-output>
          </reporter-output>
        </test-method> <!-- ModelQuestions_2 -->
      </class> <!-- testCase_VidhvaasModelQuestions.ModelQuestions_2_TestCase -->
      <class name="testCase_VidhvaasModelQuestions.ModelQuestions_4_TestCasee">
        <test-method status="PASS" signature="ModelQuestions_4()[pri:0, instance:testCase_VidhvaasModelQuestions.ModelQuestions_4_TestCasee@c451f2]" name="ModelQuestions_4" duration-ms="213" started-at="2021-06-25T00:19:38Z" finished-at="2021-06-25T00:19:38Z">
          <reporter-output>
          </reporter-output>
        </test-method> <!-- ModelQuestions_4 -->
      </class> <!-- testCase_VidhvaasModelQuestions.ModelQuestions_4_TestCasee -->
      <class name="testCase_VidhvaasModelQuestions.ModelQuestions_1_TestCase">
        <test-method status="PASS" signature="OpenBrowser()[pri:0, instance:testCase_VidhvaasModelQuestions.ModelQuestions_1_TestCase@79924b]" name="OpenBrowser" is-config="true" duration-ms="18214" started-at="2021-06-25T00:19:06Z" finished-at="2021-06-25T00:19:24Z">
          <reporter-output>
          </reporter-output>
        </test-method> <!-- OpenBrowser -->
        <test-method status="PASS" signature="ModelQuestions_1()[pri:0, instance:testCase_VidhvaasModelQuestions.ModelQuestions_1_TestCase@79924b]" name="ModelQuestions_1" duration-ms="13057" started-at="2021-06-25T00:19:24Z" finished-at="2021-06-25T00:19:37Z">
          <reporter-output>
          </reporter-output>
        </test-method> <!-- ModelQuestions_1 -->
        <test-method status="PASS" signature="CloseBrowser()[pri:0, instance:testCase_VidhvaasModelQuestions.ModelQuestions_1_TestCase@79924b]" name="CloseBrowser" is-config="true" duration-ms="1578" started-at="2021-06-25T00:19:38Z" finished-at="2021-06-25T00:19:40Z">
          <reporter-output>
          </reporter-output>
        </test-method> <!-- CloseBrowser -->
      </class> <!-- testCase_VidhvaasModelQuestions.ModelQuestions_1_TestCase -->
      <class name="testCase_VidhvaasModelQuestions.ModelQuestions_3_TestCase">
        <test-method status="PASS" signature="ModelQuestions_3()[pri:0, instance:testCase_VidhvaasModelQuestions.ModelQuestions_3_TestCase@a94ee4]" name="ModelQuestions_3" duration-ms="253" started-at="2021-06-25T00:19:37Z" finished-at="2021-06-25T00:19:38Z">
          <reporter-output>
          </reporter-output>
        </test-method> <!-- ModelQuestions_3 -->
      </class> <!-- testCase_VidhvaasModelQuestions.ModelQuestions_3_TestCase -->
      <class name="testCase_VidhvaasModelQuestions.ModelQuestions_5_TestCase">
        <test-method status="PASS" signature="ModelQuestions_5()[pri:0, instance:testCase_VidhvaasModelQuestions.ModelQuestions_5_TestCase@6379eb]" name="ModelQuestions_5" duration-ms="233" started-at="2021-06-25T00:19:38Z" finished-at="2021-06-25T00:19:38Z">
          <reporter-output>
          </reporter-output>
        </test-method> <!-- ModelQuestions_5 -->
      </class> <!-- testCase_VidhvaasModelQuestions.ModelQuestions_5_TestCase -->
    </test> <!-- Test -->
  </suite> <!-- Suite -->
</testng-results>
