<?xml version="1.0" encoding="UTF-8"?>
<!-- Generated by org.testng.reporters.JUnitXMLReporter -->
<testsuite hostname="KAVINESH-PC" name="Test1" tests="6" failures="0" timestamp="5 May 2021 11:36:35 GMT" time="91.277" errors="0">
  <testcase name="OpenBing" time="11.905" classname="TestNG.GetExecuteTime"/>
  <testcase name="OpenGoogle" time="11.689" classname="TestNG.GetExecuteTime"/>
  <testcase name="OpenYahoo" time="37.04" classname="TestNG.GetExecuteTime"/>
  <testcase name="OpenBing" time="1.854" classname="TestNG.ReduceExecuteTime"/>
  <testcase name="OpenGoogle" time="4.054" classname="TestNG.ReduceExecuteTime"/>
  <testcase name="OpenYahoo" time="19.197" classname="TestNG.ReduceExecuteTime"/>
</testsuite> <!-- Test1 -->
