<?xml version="1.0" encoding="UTF-8"?>
<testng-results skipped="0" failed="0" total="2" passed="2">
  <reporter-output>
  </reporter-output>
  <suite name="Default suite" duration-ms="22300" started-at="2021-05-11T12:21:45Z" finished-at="2021-05-11T12:22:07Z">
    <groups>
    </groups>
    <test name="Default test" duration-ms="22300" started-at="2021-05-11T12:21:45Z" finished-at="2021-05-11T12:22:07Z">
      <class name="task.WebApplication">
        <test-method status="PASS" signature="OpenBrowser()[pri:0, instance:task.WebApplication@2d45ba]" name="OpenBrowser" is-config="true" duration-ms="7520" started-at="2021-05-11T17:51:45Z" finished-at="2021-05-11T17:51:52Z">
          <reporter-output>
          </reporter-output>
        </test-method> <!-- OpenBrowser -->
        <test-method status="PASS" signature="W3school()[pri:0, instance:task.WebApplication@2d45ba]" name="W3school" duration-ms="6570" started-at="2021-05-11T17:51:52Z" finished-at="2021-05-11T17:51:59Z">
          <reporter-output>
          </reporter-output>
        </test-method> <!-- W3school -->
        <test-method status="PASS" signature="GoogleMap()[pri:0, instance:task.WebApplication@2d45ba]" name="GoogleMap" duration-ms="3178" started-at="2021-05-11T17:51:59Z" depends-on-methods="task.WebApplication.W3school" finished-at="2021-05-11T17:52:02Z">
          <reporter-output>
          </reporter-output>
        </test-method> <!-- GoogleMap -->
        <test-method status="PASS" signature="closeBrowser()[pri:0, instance:task.WebApplication@2d45ba]" name="closeBrowser" is-config="true" duration-ms="4865" started-at="2021-05-11T17:52:02Z" finished-at="2021-05-11T17:52:07Z">
          <reporter-output>
          </reporter-output>
        </test-method> <!-- closeBrowser -->
      </class> <!-- task.WebApplication -->
    </test> <!-- Default test -->
  </suite> <!-- Default suite -->
</testng-results>
