<?xml version="1.0" encoding="UTF-8"?>
<!-- Generated by org.testng.reporters.JUnitXMLReporter -->
<testsuite hostname="KAVINESH-PC" name="Test" tests="12" failures="0" timestamp="5 May 2021 10:51:25 GMT" time="109.473" errors="0">
  <testcase name="OpenBing" time="14.395" classname="TestNG.GetExecuteTime"/>
  <testcase name="OpenGoogle" time="16.064" classname="TestNG.GetExecuteTime"/>
  <testcase name="OpenYahoo" time="22.219" classname="TestNG.GetExecuteTime"/>
  <testcase name="test" time="13.78" classname="TestNG.Test1"/>
  <testcase name="sample" time="0.041" classname="TestNG.TimeOut"/>
  <testcase name="sample" time="2.008" classname="TestNG.ExceoptionHandleNG"/>
  <testcase name="sample" time="0.002" classname="TestNG.MultipleTime"/>
  <testcase name="sample" time="0.0" classname="TestNG.MultipleTime"/>
  <testcase name="sample" time="0.0" classname="TestNG.MultipleTime"/>
  <testcase name="OpenBing" time="1.367" classname="TestNG.ReduceExecuteTime"/>
  <testcase name="OpenGoogle" time="3.595" classname="TestNG.ReduceExecuteTime"/>
  <testcase name="OpenYahoo" time="8.207" classname="TestNG.ReduceExecuteTime"/>
</testsuite> <!-- Test -->
