<?xml version="1.0" encoding="UTF-8"?>
<testng-results skipped="0" failed="0" total="3" passed="3">
  <reporter-output>
  </reporter-output>
  <suite name="Default suite" duration-ms="20746" started-at="2021-03-24T12:44:23Z" finished-at="2021-03-24T12:44:44Z">
    <groups>
    </groups>
    <test name="Default test" duration-ms="20746" started-at="2021-03-24T12:44:23Z" finished-at="2021-03-24T12:44:44Z">
      <class name="security.Security">
        <test-method status="PASS" signature="OpenPortal()[pri:0, instance:security.Security@16905e]" name="OpenPortal" is-config="true" duration-ms="8656" started-at="2021-03-24T18:14:23Z" finished-at="2021-03-24T18:14:32Z">
          <reporter-output>
          </reporter-output>
        </test-method> <!-- OpenPortal -->
        <test-method status="PASS" signature="SignIn()[pri:1, instance:security.Security@16905e]" name="SignIn" duration-ms="3806" started-at="2021-03-24T18:14:32Z" finished-at="2021-03-24T18:14:36Z">
          <reporter-output>
          </reporter-output>
        </test-method> <!-- SignIn -->
        <test-method status="PASS" signature="VisitorsRecord1()[pri:0, instance:security.Security@16905e]" name="VisitorsRecord1" duration-ms="5144" started-at="2021-03-24T18:14:36Z" depends-on-methods="security.Security.SignIn" finished-at="2021-03-24T18:14:41Z">
          <reporter-output>
          </reporter-output>
        </test-method> <!-- VisitorsRecord1 -->
        <test-method status="PASS" signature="VisitorsRecord2()[pri:0, instance:security.Security@16905e]" name="VisitorsRecord2" duration-ms="3014" started-at="2021-03-24T18:14:41Z" depends-on-methods="security.Security.VisitorsRecord1" finished-at="2021-03-24T18:14:44Z">
          <reporter-output>
          </reporter-output>
        </test-method> <!-- VisitorsRecord2 -->
      </class> <!-- security.Security -->
    </test> <!-- Default test -->
  </suite> <!-- Default suite -->
</testng-results>
